2023-04-25 17:28:39.071 [http-nio-8080-exec-9] WARN  org.springframework.web.servlet.PageNotFound - No mapping found for HTTP request with URI [/$%7Bsite.logo%7D] in DispatcherServlet with name 'dispatcherServlet'
2023-04-25 18:11:32.139 [http-nio-8080-exec-2] WARN  c.b.mybatisplus.core.toolkit.TableInfoHelper - com.nsapi.niceschoolapi.entity.DepartmentDBNot Found TableInfoCache.
2023-04-25 18:11:59.438 [http-nio-8080-exec-1] WARN  c.b.mybatisplus.core.toolkit.TableInfoHelper - com.nsapi.niceschoolapi.entity.MajorDBNot Found TableInfoCache.
2023-04-25 18:12:08.727 [http-nio-8080-exec-5] WARN  c.b.mybatisplus.core.toolkit.TableInfoHelper - com.nsapi.niceschoolapi.entity.MajorDBNot Found TableInfoCache.
2023-04-25 18:12:26.703 [http-nio-8080-exec-10] WARN  c.b.mybatisplus.core.toolkit.TableInfoHelper - com.nsapi.niceschoolapi.entity.GradeDBNot Found TableInfoCache.
2023-04-25 18:12:34.145 [http-nio-8080-exec-1] WARN  c.b.mybatisplus.core.toolkit.TableInfoHelper - com.nsapi.niceschoolapi.entity.GradeDBNot Found TableInfoCache.
2023-04-25 18:12:42.464 [http-nio-8080-exec-7] WARN  c.b.mybatisplus.core.toolkit.TableInfoHelper - com.nsapi.niceschoolapi.entity.ClassinfoDBNot Found TableInfoCache.
2023-04-25 18:12:48.475 [http-nio-8080-exec-10] WARN  org.springframework.web.servlet.PageNotFound - No mapping found for HTTP request with URI [/layui/css/layui.css] in DispatcherServlet with name 'dispatcherServlet'
2023-04-25 18:12:48.484 [http-nio-8080-exec-5] WARN  org.springframework.web.servlet.PageNotFound - No mapping found for HTTP request with URI [/xlsx.full.min.js] in DispatcherServlet with name 'dispatcherServlet'
2023-04-25 18:12:48.485 [http-nio-8080-exec-9] WARN  org.springframework.web.servlet.PageNotFound - No mapping found for HTTP request with URI [/layui/layui.js] in DispatcherServlet with name 'dispatcherServlet'
2023-04-25 18:14:09.974 [http-nio-8080-exec-2] WARN  org.springframework.web.servlet.PageNotFound - No mapping found for HTTP request with URI [/layui/css/layui.css] in DispatcherServlet with name 'dispatcherServlet'
2023-04-25 18:14:09.978 [http-nio-8080-exec-5] WARN  org.springframework.web.servlet.PageNotFound - No mapping found for HTTP request with URI [/xlsx.full.min.js] in DispatcherServlet with name 'dispatcherServlet'
2023-04-25 18:14:09.978 [http-nio-8080-exec-10] WARN  org.springframework.web.servlet.PageNotFound - No mapping found for HTTP request with URI [/layui/layui.js] in DispatcherServlet with name 'dispatcherServlet'
2023-04-25 18:40:17.095 [http-nio-8080-exec-9] WARN  org.springframework.web.servlet.PageNotFound - No mapping found for HTTP request with URI [/layui/css/layui.css] in DispatcherServlet with name 'dispatcherServlet'
2023-04-25 18:40:17.100 [http-nio-8080-exec-1] WARN  org.springframework.web.servlet.PageNotFound - No mapping found for HTTP request with URI [/xlsx.full.min.js] in DispatcherServlet with name 'dispatcherServlet'
2023-04-25 18:40:17.101 [http-nio-8080-exec-8] WARN  org.springframework.web.servlet.PageNotFound - No mapping found for HTTP request with URI [/layui/layui.js] in DispatcherServlet with name 'dispatcherServlet'
2023-04-25 18:41:28.673 [http-nio-8080-exec-7] WARN  org.springframework.web.servlet.PageNotFound - No mapping found for HTTP request with URI [/layui/css/layui.css] in DispatcherServlet with name 'dispatcherServlet'
2023-04-25 18:41:28.689 [http-nio-8080-exec-2] WARN  org.springframework.web.servlet.PageNotFound - No mapping found for HTTP request with URI [/xlsx.full.min.js] in DispatcherServlet with name 'dispatcherServlet'
2023-04-25 18:41:28.689 [http-nio-8080-exec-3] WARN  org.springframework.web.servlet.PageNotFound - No mapping found for HTTP request with URI [/layui/layui.js] in DispatcherServlet with name 'dispatcherServlet'
2023-04-25 23:48:53.661 [http-nio-8080-exec-1] WARN  org.springframework.web.servlet.PageNotFound - No mapping found for HTTP request with URI [/$%7Bsite.logo%7D] in DispatcherServlet with name 'dispatcherServlet'
2023-04-25 23:49:05.433 [http-nio-8080-exec-2] WARN  org.springframework.web.servlet.PageNotFound - No mapping found for HTTP request with URI [/layui/css/layui.css] in DispatcherServlet with name 'dispatcherServlet'
2023-04-25 23:49:05.438 [http-nio-8080-exec-3] WARN  org.springframework.web.servlet.PageNotFound - No mapping found for HTTP request with URI [/xlsx.full.min.js] in DispatcherServlet with name 'dispatcherServlet'
2023-04-25 23:49:05.441 [http-nio-8080-exec-9] WARN  org.springframework.web.servlet.PageNotFound - No mapping found for HTTP request with URI [/layui/layui.js] in DispatcherServlet with name 'dispatcherServlet'
2023-04-25 23:49:17.062 [http-nio-8080-exec-4] WARN  org.springframework.web.servlet.PageNotFound - No mapping found for HTTP request with URI [/layui/css/layui.css] in DispatcherServlet with name 'dispatcherServlet'
2023-04-25 23:52:55.806 [http-nio-8080-exec-6] WARN  org.springframework.web.servlet.PageNotFound - No mapping found for HTTP request with URI [/layui/css/layui.css] in DispatcherServlet with name 'dispatcherServlet'
2023-04-25 23:52:55.827 [http-nio-8080-exec-7] WARN  org.springframework.web.servlet.PageNotFound - No mapping found for HTTP request with URI [/layui/layui.js] in DispatcherServlet with name 'dispatcherServlet'
2023-04-25 23:52:55.829 [http-nio-8080-exec-8] WARN  org.springframework.web.servlet.PageNotFound - No mapping found for HTTP request with URI [/xlsx.full.min.js] in DispatcherServlet with name 'dispatcherServlet'
2023-04-25 23:53:08.995 [http-nio-8080-exec-7] WARN  org.springframework.web.servlet.PageNotFound - No mapping found for HTTP request with URI [/layui/layui.js] in DispatcherServlet with name 'dispatcherServlet'
2023-04-25 23:53:08.997 [http-nio-8080-exec-2] WARN  org.springframework.web.servlet.PageNotFound - No mapping found for HTTP request with URI [/layui/css/layui.css] in DispatcherServlet with name 'dispatcherServlet'
2023-04-25 23:53:08.996 [http-nio-8080-exec-9] WARN  org.springframework.web.servlet.PageNotFound - No mapping found for HTTP request with URI [/xlsx.full.min.js] in DispatcherServlet with name 'dispatcherServlet'
