2023-04-26 00:10:13.830 [HikariPool-1 housekeeper] WARN  com.zaxxer.hikari.pool.HikariPool - HikariPool-1 - Thread starvation or clock leap detected (housekeeper delta=16m54s302ms239µs300ns).
2023-04-26 00:10:45.659 [http-nio-8080-exec-8] WARN  org.springframework.web.servlet.PageNotFound - No mapping found for HTTP request with URI [/layui/css/layui.css] in DispatcherServlet with name 'dispatcherServlet'
2023-04-26 00:10:45.697 [http-nio-8080-exec-10] WARN  org.springframework.web.servlet.PageNotFound - No mapping found for HTTP request with URI [/xlsx.full.min.js] in DispatcherServlet with name 'dispatcherServlet'
2023-04-26 00:10:45.698 [http-nio-8080-exec-9] WARN  org.springframework.web.servlet.PageNotFound - No mapping found for HTTP request with URI [/layui/layui.js] in DispatcherServlet with name 'dispatcherServlet'
2023-04-26 00:12:08.065 [HikariPool-1 housekeeper] WARN  com.zaxxer.hikari.pool.HikariPool - HikariPool-1 - Thread starvation or clock leap detected (housekeeper delta=1m14s439ms772µs600ns).
2023-04-26 00:14:46.456 [http-nio-8080-exec-8] WARN  org.springframework.web.servlet.PageNotFound - No mapping found for HTTP request with URI [/layui/css/layui.css] in DispatcherServlet with name 'dispatcherServlet'
2023-04-26 00:14:46.457 [http-nio-8080-exec-10] WARN  org.springframework.web.servlet.PageNotFound - No mapping found for HTTP request with URI [/xlsx.full.min.js] in DispatcherServlet with name 'dispatcherServlet'
2023-04-26 00:14:46.459 [http-nio-8080-exec-9] WARN  org.springframework.web.servlet.PageNotFound - No mapping found for HTTP request with URI [/layui/layui.js] in DispatcherServlet with name 'dispatcherServlet'
2023-04-26 00:15:43.009 [HikariPool-1 housekeeper] WARN  com.zaxxer.hikari.pool.HikariPool - HikariPool-1 - Thread starvation or clock leap detected (housekeeper delta=52s839ms951µs299ns).
2023-04-26 00:20:56.001 [http-nio-8080-exec-8] WARN  org.springframework.web.servlet.PageNotFound - No mapping found for HTTP request with URI [/layui/css/layui.css] in DispatcherServlet with name 'dispatcherServlet'
2023-04-26 00:20:56.001 [http-nio-8080-exec-10] WARN  org.springframework.web.servlet.PageNotFound - No mapping found for HTTP request with URI [/xlsx.full.min.js] in DispatcherServlet with name 'dispatcherServlet'
2023-04-26 00:20:56.001 [http-nio-8080-exec-9] WARN  org.springframework.web.servlet.PageNotFound - No mapping found for HTTP request with URI [/layui/layui.js] in DispatcherServlet with name 'dispatcherServlet'
2023-04-26 00:23:00.950 [http-nio-8080-exec-4] WARN  org.springframework.web.servlet.PageNotFound - No mapping found for HTTP request with URI [/layui/css/layui.css] in DispatcherServlet with name 'dispatcherServlet'
2023-04-26 00:23:00.952 [http-nio-8080-exec-9] WARN  org.springframework.web.servlet.PageNotFound - No mapping found for HTTP request with URI [/layui/layui.js] in DispatcherServlet with name 'dispatcherServlet'
2023-04-26 00:23:00.954 [http-nio-8080-exec-8] WARN  org.springframework.web.servlet.PageNotFound - No mapping found for HTTP request with URI [/xlsx.full.min.js] in DispatcherServlet with name 'dispatcherServlet'
2023-04-26 00:28:24.234 [HikariPool-1 housekeeper] WARN  com.zaxxer.hikari.pool.HikariPool - HikariPool-1 - Thread starvation or clock leap detected (housekeeper delta=4m48s997ms745µs400ns).
2023-04-26 00:28:38.129 [http-nio-8080-exec-8] WARN  org.springframework.web.servlet.PageNotFound - No mapping found for HTTP request with URI [/layui/css/layui.css] in DispatcherServlet with name 'dispatcherServlet'
2023-04-26 00:28:38.146 [http-nio-8080-exec-9] WARN  org.springframework.web.servlet.PageNotFound - No mapping found for HTTP request with URI [/layui/layui.js] in DispatcherServlet with name 'dispatcherServlet'
2023-04-26 00:28:38.146 [http-nio-8080-exec-10] WARN  org.springframework.web.servlet.PageNotFound - No mapping found for HTTP request with URI [/xlsx.full.min.js] in DispatcherServlet with name 'dispatcherServlet'
2023-04-26 00:35:09.448 [HikariPool-1 housekeeper] WARN  com.zaxxer.hikari.pool.HikariPool - HikariPool-1 - Thread starvation or clock leap detected (housekeeper delta=6m15s209ms247µs800ns).
2023-04-26 00:35:28.722 [http-nio-8080-exec-8] WARN  org.springframework.web.servlet.PageNotFound - No mapping found for HTTP request with URI [/layui/css/layui.css] in DispatcherServlet with name 'dispatcherServlet'
2023-04-26 00:35:28.737 [http-nio-8080-exec-9] WARN  org.springframework.web.servlet.PageNotFound - No mapping found for HTTP request with URI [/layui/layui.js] in DispatcherServlet with name 'dispatcherServlet'
2023-04-26 00:35:28.740 [http-nio-8080-exec-10] WARN  org.springframework.web.servlet.PageNotFound - No mapping found for HTTP request with URI [/xlsx.full.min.js] in DispatcherServlet with name 'dispatcherServlet'
2023-04-26 00:36:10.983 [http-nio-8080-exec-6] WARN  c.b.mybatisplus.core.toolkit.TableInfoHelper - com.nsapi.niceschoolapi.entity.StudentVONot Found TableInfoCache.
2023-04-26 00:36:52.061 [http-nio-8080-exec-8] WARN  org.springframework.web.servlet.PageNotFound - No mapping found for HTTP request with URI [/layui/css/layui.css] in DispatcherServlet with name 'dispatcherServlet'
2023-04-26 00:36:52.067 [http-nio-8080-exec-9] WARN  org.springframework.web.servlet.PageNotFound - No mapping found for HTTP request with URI [/layui/layui.js] in DispatcherServlet with name 'dispatcherServlet'
2023-04-26 00:36:52.067 [http-nio-8080-exec-10] WARN  org.springframework.web.servlet.PageNotFound - No mapping found for HTTP request with URI [/xlsx.full.min.js] in DispatcherServlet with name 'dispatcherServlet'
2023-04-26 00:37:15.335 [http-nio-8080-exec-6] WARN  c.b.mybatisplus.core.toolkit.TableInfoHelper - com.nsapi.niceschoolapi.entity.StudentVONot Found TableInfoCache.
2023-04-26 00:41:37.206 [http-nio-8080-exec-3] WARN  org.springframework.web.servlet.PageNotFound - No mapping found for HTTP request with URI [/xlsx.full.min.js] in DispatcherServlet with name 'dispatcherServlet'
2023-04-26 00:41:37.206 [http-nio-8080-exec-6] WARN  org.springframework.web.servlet.PageNotFound - No mapping found for HTTP request with URI [/layui/css/layui.css] in DispatcherServlet with name 'dispatcherServlet'
2023-04-26 00:41:37.207 [http-nio-8080-exec-7] WARN  org.springframework.web.servlet.PageNotFound - No mapping found for HTTP request with URI [/layui/layui.js] in DispatcherServlet with name 'dispatcherServlet'
2023-04-26 00:42:29.402 [http-nio-8080-exec-1] WARN  c.b.mybatisplus.core.toolkit.TableInfoHelper - com.nsapi.niceschoolapi.entity.StudentVONot Found TableInfoCache.
2023-04-26 00:42:40.822 [http-nio-8080-exec-1] WARN  c.b.mybatisplus.core.toolkit.TableInfoHelper - java.lang.IntegerNot Found TableInfoCache.
2023-04-26 00:42:40.829 [http-nio-8080-exec-1] WARN  c.b.mybatisplus.core.toolkit.TableInfoHelper - java.lang.IntegerNot Found TableInfoCache.
2023-04-26 00:42:40.836 [http-nio-8080-exec-1] WARN  c.b.mybatisplus.core.toolkit.TableInfoHelper - java.lang.IntegerNot Found TableInfoCache.
2023-04-26 00:42:40.841 [http-nio-8080-exec-1] WARN  c.b.mybatisplus.core.toolkit.TableInfoHelper - java.lang.IntegerNot Found TableInfoCache.
2023-04-26 00:42:42.626 [http-nio-8080-exec-2] WARN  org.springframework.web.servlet.PageNotFound - No mapping found for HTTP request with URI [/layui/css/layui.css] in DispatcherServlet with name 'dispatcherServlet'
2023-04-26 00:42:42.647 [http-nio-8080-exec-5] WARN  org.springframework.web.servlet.PageNotFound - No mapping found for HTTP request with URI [/layui/layui.js] in DispatcherServlet with name 'dispatcherServlet'
2023-04-26 00:42:42.648 [http-nio-8080-exec-10] WARN  org.springframework.web.servlet.PageNotFound - No mapping found for HTTP request with URI [/xlsx.full.min.js] in DispatcherServlet with name 'dispatcherServlet'
2023-04-26 00:44:03.305 [http-nio-8080-exec-8] WARN  c.b.mybatisplus.core.toolkit.TableInfoHelper - com.nsapi.niceschoolapi.entity.StudentVONot Found TableInfoCache.
2023-04-26 08:20:52.775 [http-nio-8080-exec-4] WARN  org.springframework.web.servlet.PageNotFound - No mapping found for HTTP request with URI [/$%7Bsite.logo%7D] in DispatcherServlet with name 'dispatcherServlet'
2023-04-26 08:26:00.644 [http-nio-8080-exec-5] WARN  org.springframework.web.servlet.PageNotFound - No mapping found for HTTP request with URI [/layui/layui.js] in DispatcherServlet with name 'dispatcherServlet'
2023-04-26 08:36:41.289 [http-nio-8080-exec-2] WARN  org.springframework.web.servlet.PageNotFound - No mapping found for HTTP request with URI [/layui/layui.js] in DispatcherServlet with name 'dispatcherServlet'
2023-04-26 08:37:36.972 [http-nio-8080-exec-1] WARN  org.springframework.web.servlet.PageNotFound - No mapping found for HTTP request with URI [/layui/css/layui.css] in DispatcherServlet with name 'dispatcherServlet'
2023-04-26 08:37:36.979 [http-nio-8080-exec-9] WARN  org.springframework.web.servlet.PageNotFound - No mapping found for HTTP request with URI [/layui/layui.js] in DispatcherServlet with name 'dispatcherServlet'
2023-04-26 08:37:36.982 [http-nio-8080-exec-2] WARN  org.springframework.web.servlet.PageNotFound - No mapping found for HTTP request with URI [/xlsx.full.min.js] in DispatcherServlet with name 'dispatcherServlet'
2023-04-26 08:38:03.947 [http-nio-8080-exec-1] WARN  c.b.mybatisplus.core.toolkit.TableInfoHelper - com.nsapi.niceschoolapi.entity.courselNot Found TableInfoCache.
2023-04-26 08:38:27.808 [http-nio-8080-exec-2] WARN  c.b.mybatisplus.core.toolkit.TableInfoHelper - com.nsapi.niceschoolapi.entity.courselNot Found TableInfoCache.
2023-04-26 08:39:28.811 [http-nio-8080-exec-1] WARN  org.springframework.web.servlet.PageNotFound - No mapping found for HTTP request with URI [/layui/css/layui.css] in DispatcherServlet with name 'dispatcherServlet'
2023-04-26 08:39:28.815 [http-nio-8080-exec-9] WARN  org.springframework.web.servlet.PageNotFound - No mapping found for HTTP request with URI [/layui/layui.js] in DispatcherServlet with name 'dispatcherServlet'
2023-04-26 08:39:28.816 [http-nio-8080-exec-2] WARN  org.springframework.web.servlet.PageNotFound - No mapping found for HTTP request with URI [/xlsx.full.min.js] in DispatcherServlet with name 'dispatcherServlet'
2023-04-26 09:22:55.709 [http-nio-8080-exec-2] WARN  c.b.mybatisplus.core.toolkit.TableInfoHelper - java.lang.IntegerNot Found TableInfoCache.
2023-04-26 09:25:14.642 [http-nio-8080-exec-6] WARN  org.springframework.web.servlet.PageNotFound - No mapping found for HTTP request with URI [/layui/layui.js] in DispatcherServlet with name 'dispatcherServlet'
2023-04-26 09:25:53.345 [http-nio-8080-exec-7] WARN  c.b.mybatisplus.core.toolkit.TableInfoHelper - java.lang.IntegerNot Found TableInfoCache.
2023-04-26 09:26:00.591 [http-nio-8080-exec-2] WARN  org.springframework.web.servlet.PageNotFound - No mapping found for HTTP request with URI [/layui/css/layui.css] in DispatcherServlet with name 'dispatcherServlet'
2023-04-26 09:26:00.598 [http-nio-8080-exec-9] WARN  org.springframework.web.servlet.PageNotFound - No mapping found for HTTP request with URI [/xlsx.full.min.js] in DispatcherServlet with name 'dispatcherServlet'
2023-04-26 09:26:00.598 [http-nio-8080-exec-5] WARN  org.springframework.web.servlet.PageNotFound - No mapping found for HTTP request with URI [/layui/layui.js] in DispatcherServlet with name 'dispatcherServlet'
2023-04-26 09:26:16.952 [http-nio-8080-exec-5] WARN  c.b.mybatisplus.core.toolkit.TableInfoHelper - com.nsapi.niceschoolapi.entity.TchCourseVONot Found TableInfoCache.
2023-04-26 09:26:16.957 [http-nio-8080-exec-5] WARN  c.b.mybatisplus.core.toolkit.TableInfoHelper - com.nsapi.niceschoolapi.entity.TchCourseVONot Found TableInfoCache.
2023-04-26 09:27:25.790 [http-nio-8080-exec-10] WARN  org.springframework.web.servlet.PageNotFound - No mapping found for HTTP request with URI [/layui/layui.js] in DispatcherServlet with name 'dispatcherServlet'
2023-04-26 09:32:13.107 [http-nio-8080-exec-6] WARN  org.springframework.web.servlet.PageNotFound - No mapping found for HTTP request with URI [/layui/layui.js] in DispatcherServlet with name 'dispatcherServlet'
2023-04-26 09:33:52.419 [http-nio-8080-exec-6] WARN  org.springframework.web.servlet.PageNotFound - No mapping found for HTTP request with URI [/layui/layui.js] in DispatcherServlet with name 'dispatcherServlet'
2023-04-26 09:35:12.726 [http-nio-8080-exec-10] WARN  o.s.w.s.m.support.DefaultHandlerExceptionResolver - Resolved exception caused by Handler execution: org.springframework.validation.BindException: org.springframework.validation.BeanPropertyBindingResult: 1 errors
Field error in object 'tchCourseVO' on field 'tid': rejected value [teacher1]; codes [typeMismatch.tchCourseVO.tid,typeMismatch.tid,typeMismatch.java.lang.Integer,typeMismatch]; arguments [org.springframework.context.support.DefaultMessageSourceResolvable: codes [tchCourseVO.tid,tid]; arguments []; default message [tid]]; default message [Failed to convert property value of type 'java.lang.String' to required type 'java.lang.Integer' for property 'tid'; nested exception is java.lang.NumberFormatException: For input string: "teacher1"]
2023-04-26 09:35:17.268 [http-nio-8080-exec-3] WARN  o.s.w.s.m.support.DefaultHandlerExceptionResolver - Resolved exception caused by Handler execution: org.springframework.validation.BindException: org.springframework.validation.BeanPropertyBindingResult: 1 errors
Field error in object 'tchCourseVO' on field 'tid': rejected value [teacher1]; codes [typeMismatch.tchCourseVO.tid,typeMismatch.tid,typeMismatch.java.lang.Integer,typeMismatch]; arguments [org.springframework.context.support.DefaultMessageSourceResolvable: codes [tchCourseVO.tid,tid]; arguments []; default message [tid]]; default message [Failed to convert property value of type 'java.lang.String' to required type 'java.lang.Integer' for property 'tid'; nested exception is java.lang.NumberFormatException: For input string: "teacher1"]
2023-04-26 09:36:26.801 [http-nio-8080-exec-9] WARN  org.springframework.web.servlet.PageNotFound - No mapping found for HTTP request with URI [/layui/layui.js] in DispatcherServlet with name 'dispatcherServlet'
2023-04-26 09:44:23.040 [http-nio-8080-exec-5] WARN  org.springframework.web.servlet.PageNotFound - No mapping found for HTTP request with URI [/layui/css/layui.css] in DispatcherServlet with name 'dispatcherServlet'
2023-04-26 09:44:23.060 [http-nio-8080-exec-7] WARN  org.springframework.web.servlet.PageNotFound - No mapping found for HTTP request with URI [/xlsx.full.min.js] in DispatcherServlet with name 'dispatcherServlet'
2023-04-26 09:44:23.061 [http-nio-8080-exec-9] WARN  org.springframework.web.servlet.PageNotFound - No mapping found for HTTP request with URI [/layui/layui.js] in DispatcherServlet with name 'dispatcherServlet'
2023-04-26 09:49:08.790 [http-nio-8080-exec-8] WARN  c.b.mybatisplus.core.toolkit.TableInfoHelper - com.nsapi.niceschoolapi.entity.TeacherDBNot Found TableInfoCache.
2023-04-26 09:49:10.665 [http-nio-8080-exec-6] WARN  org.springframework.web.servlet.PageNotFound - No mapping found for HTTP request with URI [/layui/css/layui.css] in DispatcherServlet with name 'dispatcherServlet'
2023-04-26 09:49:10.685 [http-nio-8080-exec-8] WARN  org.springframework.web.servlet.PageNotFound - No mapping found for HTTP request with URI [/layui/layui.js] in DispatcherServlet with name 'dispatcherServlet'
2023-04-26 09:49:10.685 [http-nio-8080-exec-4] WARN  org.springframework.web.servlet.PageNotFound - No mapping found for HTTP request with URI [/xlsx.full.min.js] in DispatcherServlet with name 'dispatcherServlet'
2023-04-26 09:49:16.158 [http-nio-8080-exec-5] WARN  org.springframework.web.servlet.PageNotFound - No mapping found for HTTP request with URI [/layui/css/layui.css] in DispatcherServlet with name 'dispatcherServlet'
2023-04-26 09:49:16.175 [http-nio-8080-exec-10] WARN  org.springframework.web.servlet.PageNotFound - No mapping found for HTTP request with URI [/xlsx.full.min.js] in DispatcherServlet with name 'dispatcherServlet'
2023-04-26 09:49:16.175 [http-nio-8080-exec-1] WARN  org.springframework.web.servlet.PageNotFound - No mapping found for HTTP request with URI [/layui/layui.js] in DispatcherServlet with name 'dispatcherServlet'
